[    0.000000]Linux veion 415.0-65-generic (buildd@lgw01-amd64-006) (gcc version 7.4.0 (Ubuntu 7.4.0-1ubuntu1~18.04.1)) #74-Ubuntu SMP Tue Sep 17 17:06:04 UTC 2019 (Ubuntu 4.15.0-65.74-generic 4.15.18)
[    0.000000] Command line: BOOT_IMAGE=/boot/vmlinuz-4.15.0-65-generic root=UUID=fbaacd62-c4ed-4e57-a021-65868a37f06c ro console=tty1 console=ttyS0
[    0.000000] KERNEL supported cpus:
[    0.000000]   Intel GenuineIntel
[    0.000000]   AMD AuthenticAMD
[    0.000000]   Centaur CentaurHauls
[    0.000000] x86/fpu: Supporting XSAVE feature 0x001: x87 floating point registers'
[    0.000000] x86/fpu: Supporting XSAVE feature 0x002: 'SSE registers'
[    0.000000]x86/fpu: Supporting XSAVE feature 0x004: 'AVX registers'
[    0.000000] x86/fpu: xstate_offset[2]:  5, xstate_sizes[2]:  256
[    0.000000] x86/fpu: Enabled xstate features 0x7, context size is 832 byes uing 'standard' format.
[    0.000000] e820: BIOS-provided physical RAM map:
[    0.000000] BIOS-e820: [mem 0x0000000000000000-0x000000000009fbff] usable
[    0.000000] BIOS-e820: [mm 0x0000000009fc00-0000000009ffff reserve
[    0.0000 BOS-e820: [mem 0x00000000000f0000-0x00000000000fffff] reserved
[    0.000000] BIOS-e820: [mem 0x0000000000100000-0x00000000dffeffff] usable
[    0.000000] BIOS-e820: [mem 0x00000000dfff0000x00000000dfffffff] ACPI data
[    0.000000] BIOS-e820: [mem 0x00000000fec00000-0x000000fec00fff] reserved
[    0.000000] BI-e820[mem 0x00000000fee00000-0x00000fe00fff] reserved
[    0.000000] BIOS-e820: [mem 0x00000000fffc0000-0x00000000ffffffff] reserved
[    0.000000] BIOS-e820: [mem 0x0000000100000000-0x0000000248afffff] usable
[    0.000000] NXExecute Disable) prottion: active
[    0.000000] SMBIOS 2.5 present.
[    0.000000] DMI: innotek GmbH VirtualBox/VirtualBox, BIOS ViualBox 121/2006
[    0.000000] Hypervisor detected: KVM
[    0.00000] e820: last_pfn = 0x248b00 max_arh_pfn 0x40000000
[    0.000000] MTRR: Disabled
[    0.000000] x86/PAT: MTRRs disabled, skipping PAT initialization too.
[    0.000000] CPU MTRRs all blank - virtualized system.
[    0.000000] x86/PAT: Configuration [0-7]: WB  WT  UC- UC  WB  WT  UC- UC  
[    0.000000] e820: last_pfn = 0xdfff0 max_arch_pfn = 0x40000000
[    0.00000 found SMP MP-table at [mem 0x0009fff0-0x0009ffff]
[    0.000000] Scanning 1 areas for l memory corruption
[    0.000000] RAMDISK: [mem 0x35983000-0x36cb8fff]
[    0.000000] ACPI: Early table checksum verification disabled
[    0.000000] ACPI: RSDP 0x00000000000E0000 000024 (v02 VBOX  )
[    0.000000] ACPI: XSDT 0x0000000DFFF0030 00003C (v01 VBOX   VBOXXSDT 00000001 AS 00000061)
[    0.000000] ACPI: FACP 0x00000000DFFF00F0 0000F4 (v04 VBOX   VBOXFACP 00000001 ASL 00000061)
[   .000000] PI: DT 0x000000DFF470 0021FF (v02 VBOX   VBOXBIOS 00000002 INTL 20100528)
[    0.000000] ACPI: FACS 0x00000000DFFF0200 000040
[    0.000000] ACPI: FACS 0x00000000DFFF0200 000040
[    0.000000] ACPI: APIC 0x00000000DFFF0240 00005C (v02 VBOX   VBOXAPIC 00000001 ASL  00000061)
[    0.000000] ACPI: SSDT 0x00000000DFFF02A0 0001CC (v01 VBOX   VBOXCUT 00000002 INTL 20100528)
[    0.000000] No NUMA configuration found
[    0.000000] Faking a node at [mem 0x0000000000000000-0x0000000248afffff]
[    0.000000] NODE_DATA(0) allocated [mem 0x248ad5000-0x248afffff]
   0.000000] kvm-clock: cpu 0, msr 2:48a5400, rima cpu ock
[    0.000000] kvm-clock: Using msrs 4b564d01 and 4b564d00
[    0.000000] vm-clock: using sched offset of 5060554886 cycles
[    0.000000] clocksource: kvm-clock: mask: 0xffffffffffffffff max_cycles: 0x1cd42e4dffb, max_idle_ns: 881590591483 ns
[    0.000000] Zone ranges:
[    0.000000]   DMA      [mem 0x0000000000001000-0x0000000000ffffff]
[    0.000000]   DMA32    [mem 0x0000000001000000-0x00000000ffffffff]
[    0.000000]   Normal   [mem 0x0000000100000000-0x0000000248afffff]
[    0.000000]   Device   empty
[    0.000000] Movable zone start for each node
[    0.000000] Early memory node ranges
[    0.000000]   node   0: [mem 0x0000000000001000-0x000000000009efff]
[    0.000000]   node   0: [mem 0x0000000000100000-0x00000000dffeffff]
[    0.000000]   node   0: [mem 0x0000000100000000-0x0000000248afffff]
[    0.000000] Reserved but unavailable: 98 pages
[    0.000000] Initmem setup node 0 [mem 0x0000000000001000-0x0000000248afffff]
[    0.000000] ACPI: PM-Timer IO Port: 0x4008
[    0.000000] IOAPIC[0]: apic_id 2, version 32, address 0xfec00000, GSI 0-23
[    0.000000] ACPI: INT_SRC_OVR (bus 0 bus_irq 0 global_irq 2 dfl dfl)
[    0.000000] ACPI: INT_SRC_OVR (bus 0 bus_irq 9 global_irq 9 low level)
[    0.000000] Using ACPI (MADT) for SMP configuration information
[    0.000000] smpboot: Allowing 2 CPUs, 0 hotplug CPUs
[    0.000000] PM: Registered nosave memory: [mem 0x00000000-0x00000fff]
[    0.000000]PM: Registered nosave memory: [mem 0x0009f00-00009ffff]
[    0.000000] PM: Registered nosave memory: [mem 0x000a0000-0x000effff]
[    0.000000] PM: Registered nosave memory: [mem 0x000f0000-0x000fffff]
[    0.000000] PM: Registered nosav memory: [mem 0xdfff0000-0xdfffffff]
[    0.000000] PM: Registered nosave memory: [mem 0xe0000000-0xfebfffff]
[    0.000000] PM: Registered nosave memory: [mem 0xfec00000-0xfec00fff]
[    0.000000] PM: Regstered nosave memory: [mem 0xfec01000-0xfedfffff]
[    0.000000]M: Registered nosave memory: [mem 0xfee00000-0xfee00fff]
[    0.000000] PM: Registered nosave memory: [mem 0xfee01000-0xfffbffff]
[    0.000000] PM Registered nosave memory: [mem 0xfffc0000-0xffffffff]
[    0.000000] e820: [mem 0xe0000000-0xfebfffff] vaiable for PCI devices
[    0.000000] Booting paravirtualized kernel on KVM
[    0.000000] clocksource: refined-jiffies: mask: 0xffffffff max_cycles: 0xffffffff, max_idle_ns: 7645519600211568 ns
[    0.000000] random: get_random_bytes called from start_kernel+0x99/0x4fd with crng_init=0
[    0.000000] setup_percpu: NR_CPUS:8192 nr_cpumask_bits:2 nr_cpu_ids:2 nr_node_ids:1
[    0.000000] percpu: Embedded 46 pes/cpu s1552 r819228672 u1048576
[    0.000000] PV qspinlock hash table entries: 256 (order: 0, 4096 bytes)
[    0.000000] Built 1 zonelists, mobility grouping on.  Total pags: 2228301
[    0.000000] Polic zone: Normal
[    0.000000] Kernel command line: OT_IMAGE=/boot/vmlinuz-45.0-5-eneric roo=UUID=fbaacd62-c4ed-4e57-a021-65868a37f06c ro console=tty1 console=ttyS0
[    0.000000] Memory: 8796620K/9054776K available (12300K kernel code, 2481K rwdata, 4256K rodata, 2436K init, 2388K bss, 258156K reserved, 0K cma-reserved)
[    0.000000] SLUB: HWalign=64, Order=0-3, MinObjets=0, CPUs=2, Nodes=1
[    0.000000] Kernel/User page tables isolation: enabled
[    0.000000] ftrace: allocating 39301 entries in 154 pages
[    0.004000] Hierarchical RCU implementation.
[    0.004000] 	RCU restricting CPUs from NR_CPUS=8192 to nr_cpu_ids=2.
[    0.004000] 	Tasks RCU enabled.
[    0.004000] RCU: Adjusting geometry for cu_fanout_leaf=16, nr_cpu_ids=2
[    0.004000] NR_IRQS: 524544, nr_irqs: 440, preallocated irqs: 16
[    0.004000] Console: colour VGA+ 80x25
[    0.004000] console [tty1] nabled
[    0.004000] console [ttyS0] enabled
[    0.004000] ACPI: Core revision 20170831
[    0.004000] ACPI: 2 ACPI AML tables successfully acquired and loaded
[    0.004000] APIC: Switch to symmetric I/O mode setup
[    0.004000] x2apic enabled
[    0.004000] Switched APIC routing to physical x2apic.
[    0.005779] ..TIMER: vector=0x30 apic1=0 pin1=2 apic2=-1 pin2=-1
[    0.008007] tsc: Detected 3096.000 MHz processor
[    0.009647] Calibrating delay loop (skipped) preset value.. 6192.00 BogoMIPS (lpj=12384000)
[    0.012008] pid_max: default: 32768 minimum: 301
[    0.016051] Security Framework initialized
[    0.020008] Yama: becoming mindful.
[    0.024046] AppArmor: AppArmor initialized
[    0.040217] Dentry cache hash table entries: 2097152 (order: 12, 16777216 bytes)
[    0.054009] Inode-cache hash table entries: 1048576 (order: 11, 8388608 bytes)
[    0.056086] Mount-cache hash table entries: 32768 (order: 6, 262144 bytes)
[    0.060071] Mountpoint-cache hash table entries: 32768 (order: 6, 262144 bytes)
[    0.069568] Last level iTLB entries: 4KB 64, 2MB 8, 4MB 8
[    0.072006] Last level dTLB entries: 4KB 64, 2MB 0, 4MB 0, 1GB 4
[    0.073791] Spectre V1 : Mitigation: usercopy/swapgs barriers and __user pointer sanitization
[    0.076007] Spectre V2 : Mitigation: Full generic retpoline
[    0.080063] Spectre V2 : Spectre v2 / SpectreRSB mitigation: Filling RSB on context switch
[    0.084006] Speculative Store Bypass: Vulnerable
[    0.088051] MDS: Vulnerable: Clear CPU buffers attempted, no microcode
[    0.090332] Freeing SMP alternatives memory: 36K
[    0.203063] smpboot: CPU0: Intel(R) Core(TM) i5-7267U CPU @ 3.10GHz (family: 0x6, model: 0x8e, stepping: 0x9)
[    0.204082] Performance Events: unsupported p6 CPU model 142 no PMU driver, software events only.
[    0.208041] Hierarchical SRCU implementation.
[    0.216037] NMI watchdog: Perf event create on CPU 0 failed with -2
[    0.220003] NMI watchdog: Perf NMI watchdog permanently disabled
[    0.221484] smp: Bringing up secondary CPUs ...
[    0.224135] x86: Booting SMP configuration:
[    0.228023] .... node  #0, CPUs:      #1
[    0.004000] kvm-clock: cpu 1, msr 2:48a54041, secondary cpu clock
[    0.248027] smp: Brought up 1 node, 2 CPUs
[    0.252011] smpboot: Max logical packages: 1
[    0.256007] smpboot: Total of 2 processors activated (12384.00 BogoMIPS)
[    0.260395] devtmpfs: initialized
[    0.264093] x86/mm: Memory block size: 128MB
[    0.268598] evm: security.selinux
[    0.269416] evm: security.SMACK64
[    0.270255] evm: security.SMACK64EXEC
[    0.272003] evm: security.SMACK64TRANSMUTE
[    0.273010] evm: security.SMACK64MMAP
[    0.276005] evm: security.apparmor
[    0.280002] evm: security.ima
[    0.282074] evm: security.capability
[    0.284121] clocksource: jiffies: mask: 0xffffffff max_cycles: 0xffffffff, max_idle_ns: 7645041785100000 ns
[    0.288019] futex hash table entries: 512 (order: 3, 32768 bytes)
[    0.290036] pinctrl core: initialized pinctrl subsystem
[    0.292160] RTC time:  5:12:25, date: 10/12/19
[    0.296305] NET: Registered protocol family 16
[    0.300096] audit: initializing netlink subsys (disabled)
[    0.304056] audit: type=2000 audit(1570857148.646:1): state=initialized audit_enabled=0 res=1
[    0.328015] cpuidle: using governor ladder
[    0.332020] cpuidle: using governor menu
[    0.336265] ACPI: bus type PCI registered
[    0.340009] acpiphp: ACPI Hot Plug PCI Controller Driver version: 0.5
[    0.344163] PCI: Using configuration type 1 for base access
[    0.352017] HugeTLB registered 2.00 MiB page size, pre-allocated 0 pages
[    0.355178] ACPI: Added _OSI(Module Device)
[    0.356008] ACPI: Added _OSI(Processor Device)
[    0.360007] ACPI: Added _OSI(3.0 _SCP Extensions)
[    0.361587] ACPI: Added _OSI(Processor Aggregator Device)
[    0.364011] ACPI: Added _OSI(Linux-Dell-Video)
[    0.368014] ACPI: Added _OSI(Linux-Lenovo-NV-HDMI-Audio)
[    0.372012] ACPI: Added _OSI(Linux-HPI-Hybrid-Graphics)
[    0.376475] ACPI: Executed 1 blocks of module-level executable AML code
[    0.389748] ACPI: Interpreter enabled
[    0.392025] ACPI: (supports S0 S5)
[    0.396007] ACPI: Using IOAPIC for interrupt routing
[    0.400246] PCI: Using host bridge windows from ACPI; if necessary, use "pci=nocrs" and report a bug
[    0.404232] ACPI: Enabled 2 GPEs in block 00 to 07
[    0.419093] ACPI: PCI Root Bridge [PCI0] (domain 0000 [bus 00-ff])
[    0.420033] acpi PNP0A03:00: _OSC: OS supports [ASPM ClockPM Segments MSI]
[    0.424046] acpi PNP0A03:00: _OSC: not requesting OS control; OS requires [ExtendedConfig ASPM ClockPM MSI]
[    0.428027] acpi PNP0A03:00: fail to add MMCONFIG information, can't access extended PCI configuration space under this bridge.
[    0.432490] PCI host bridge to bus 0000:00
[    0.436009] pci_bus 0000:00: root bus resource [io  0x0000-0x0cf7 window]
[    0.440013] pci_bus 0000:00: root bus resource [io  0x0d00-0xffff window]
[    0.442141] pci_bus 0000:00: root bus resource [mem 0x000a0000-0x000bffff window]
[    0.444010] pci_bus 0000:00: root bus resource [mem 0xe0000000-0xfdffffff window]
[    0.448009] pci_bus 0000:00: root bus resource [bus 00-ff]
[    0.457633] pci 0000:00:01.1: legacy IDE quirk: reg 0x10: [io  0x01f0-0x01f7]
[    0.460076] pci 0000:00:01.1: legacy IDE quirk: reg 0x14: [io  0x03f6]
[    0.464008] pci 0000:00:01.1: legacy IDE quirk: reg 0x18: [io  0x0170-0x0177]
[    0.468009] pci 0000:00:01.1: legacy IDE quirk: reg 0x1c: [io  0x0376]
[    0.556000] pci 0000:00:07.0: quirk: [io  0x4000-0x403f] claimed by PIIX4 ACPI
[    0.559094] pci 0000:00:07.0: quirk: [io  0x4100-0x410f] claimed by PIIX4 SMB
[    0.626117] ACPI: PCI Interrupt Link [LNKA] (IRQs 5 9 10 *11)
[    0.628324] ACPI: PCI Interrupt Link [LNKB] (IRQs 5 9 *10 11)
[    0.632211] ACPI: PCI Interrupt Link [LNKC] (IRQs 5 *9 10 11)
[    0.636184] ACPI: PCI Interrupt Link [LNKD] (IRQs 5 9 10 *11)
[    0.640646] SCSI subsystem initialized
[    0.644061] pci 0000:00:02.0: vgaarb: setting as boot VGA device
[    0.648000] pci 0000:00:02.0: vgaarb: VGA device added: decodes=io+mem,owns=io+mem,locks=none
[    0.648022] pci 0000:00:02.0: vgaarb: bridge control possible
[    0.652006] vgaarb: loaded
[    0.656067] ACPI: bus type USB registered
[    0.660042] usbcore: registered new interface driver usbfs
[    0.664028] usbcore: registered new interface driver hub
[    0.668159] usbcore: registered new device driver usb
[    0.672322] EDAC MC: Ver: 3.0.0
[    0.677121] PCI: Using ACPI for IRQ routing
[    0.680431] NetLabel: Initializing
[    0.688007] NetLabel:  domain hash size = 128
[    0.692006] NetLabel:  protocols = UNLABELED CIPSOv4 CALIPSO
[    0.696041] NetLabel:  unlabeled traffic allowed by default
[    0.700180] clocksource: Switched to clocksource kvm-clock
[    0.726764] VFS: Disk quotas dquot_6.6.0
[    0.733517] VFS: Dquot-cache hash table entries: 512 (order 0, 4096 bytes)
[    0.735811] AppArmor: AppArmor Filest Ebled  0.37] pnp: PnP AC it
[   1.198987]pnp: PnP ACPI: foun3 devices

[    1.335718] clocksource: acpi_pm: mask: 0xffffff max_cycles: 0xffffff, max_idle_ns: 2085701024 ns
[    1.338160] NET: Registered protocol family 2
[    1.0918] TC established hash table entries: 131072 (order: 8, 1048576 byts)
[    1.5151] P nd hash table entries: 65536 (order: 8, 1048576 bytes)
[  169902] TCP: Ha tle cfire(eabished 131072 bind 65536)
[    2.104239] UDP hash table entries: 8192 (order: 6, 262144 bytes)
[    2.122418] UDP-Lite hash table entries: 8192 (order: 6, 262144 bytes)
[    2.124266] NET: Registered protocol family 1
[    2.125352] pci 0000:00:00.0: Liming direct PCI/PCI transfers
[    2.174050] pci 0000:00:01.0: Activating ISA DMA hang workarounds
[    2.175894] pci 0000:00:02: Video devicewith shadowed ROM at [mem 00000-0x0dfff]
[   263703] Unpacking initramfs...

[    2.882234] Freeing initrd memory: 19672K
[    2.909855] PCI-DMA: Using software bounce buffering for IO (SWIOTLB)
[    2.925823] software IO TLB: mapped [mem 0xdbff0000-0xdfff0000] (64MB)
[    2.974355] clocksource: tsc: mask: 0xffffffffffffffff max_cycles: 0x2ca08564bf3, max_idle_ns: 440795312460 ns
[    3.006264] platform rtc_cmos: registered platform RTC device (no PNP device found)
[    3.029757] Scanning for low memory corruption every 60 seconds
[    3.071014] Initialise system trusted keyrings
[    3.074677] Key type blacklist registered
[    3.075921] workingset: timestamp_bits=36 max_order=22 bucket_order=0
[    3.104806] zbud: loaded
[    3.117213] squashfs: version 4.0 (2009/01/31) Phillip Lougher
[    3.142770] fuse init (API version 7.26)
[    3.175316] Key type asymmetric registered
[    3.198259] Asymmetric key parser 'x509' registered
[    3.215874] Block layer SCSI generic (bsg) driver version 0.4 loaded (major 246)
[    3.235638] io scheduler noop registered
[    3.254577] io scheduler deadline registered
[    3.261818] io scheduler cfq registered (default)
[    3.265461] ACPI: AC Adapter [AC] (on-line)
[    3.282374] input: Power Button as /devices/LNXSYSTM:00/LNXPWRBN:00/input/input0
[    3.324600] ACPI: Power Button [PWRF]
[    3.331089] input: Sleep Button as /devices/LNXSYSTM:00/LNXSLPBN:00/input/input1
[    3.382566] ACPI: Sleep Button [SLPF]
[    3.385919] Serial: 8250/16550 driver, 32 ports, IRQ sharing enabled
[    3.387440] ACPI: Battery Slot [BAT0] (battery present)
[    3.43477 002: ttS0t I/O 0x3f8 (irq = 4, base_baud = 115200) is a 16550A

[    3.606325] Linux agpgart interface v0.103
[    3.609858] loop: module loaded
[    3.611370] scsi host0: ata_piix
[    3.612744] scsi host1: ata_piix
[    3.613671] ata1: PATA max UDMA/33 cmd 0x1f0 ctl 0x3f6 bmdma 0xd000 irq 14
[    3.615476] ata2: PATA max UDMA/33 cmd 0x170 ctl 0x376 bmdma 0xd008 irq 15
[    3.617564] libphy: Fixed MDIO Bus: probed
[    3.625106] tun: Universal TUN/TAP device driver, 1.6
[    3.627815] PPP generic driver version 2.4.2
[    3.633101] ehci_hcd: USB 2.0 'Enhanced' Host Controller (EHCI) Driver
[    3.635504] ehci-pci: EHCI PCI platform driver
[    3.641706] ehci-platform: EHCI generic platform driver
[    3.643900] ohci_hcd: USB 1.1 'Open' Host Controller (OHCI) Driver
[    3.646221] ohci-pci: OHCI PCI platform driver
[    3.649140] ohci-platform: OHCI generic platform driver
[    3.674453] uhci_hcd: USB Universal Host Controller Interface driver
[    3.677063] i8042: PNP: PS/2 Controller [PNP0303:PS2K,PNP0f03:PS2M] at 0x60,0x64 irq 1,12
[    3.681196] serio: i8042 KBD port at 0x60,0x64 irq 1
[    3.698206] serio: i8042 AUX port at 0x60,0x64 irq 12
[    3.705573] mousedev: PS/2 mouse device common for all mice
[    3.731465] rtc_cmos rtc_cmos: rtc core: registered rtc_cmos as rtc0
[    3.746152] rtc_cmos rtc_cmos: alarms up to one day, 114 bytes nvram
[    3.779183] input: AT Translated Set 2 keyboard as /devices/platform/i8042/serio0/input/input2
[    3.779255] i2c /dev entries driver
[    3.799261] device-mapper: uevent: version 1.0.3
[    3.809136] device-mapper: ioctl: 4.37.0-ioctl (2017-09-20) initialised: dm-devel@redhat.com
[    3.832440] ledtrig-cpu: registered to indicate activity on CPUs
[    3.850760] NET: Registered protocol family 10
[    3.895094] Segment Routing with IPv6
[    3.910592] NET: Registered protocol family 17
[    3.918962] Key type dns_resolver registered
[    3.936519] mce: Using 0 MCE banks
[    3.961142] RAS: Correctable Errors collector initialized.
[    3.970258] sched_clock: Marking stable (3970206653, 0)->(8802161422, -4831954769)
[    3.973221] registered taskstats version 1
[    3.999372] Loading compiled-in X.509 certificates
[    4.008401] Loaded X.509 cert 'Build time autogenerated kernel key: 3a65b6a3c8b5d6b297d77c25be9161529933bc49'
[    4.043614] zswap: loaded using pool lzo/zbud
[    4.091062] Key type big_key registered
[    4.123377] Key type trusted registered
[    4.147672] Key type encrypted registered
[    4.150844] AppArmor: AppArmor sha1 policy hashing enabled
[    4.180618] ima: No TPM chip found, activating TPM-bypass! (rc=-19)
[    4.196435] ima: Allocated hash algorithm: sha1
[    4.204570] evm: HMAC attrs: 0x1
[    4.215705]   Magic number: 7:621:213
[    4.247210] rtc_cmos rtc_cmos: setting system clock to 2019-10-12 05:12:30 UTC (1570857150)
[    4.272827] BIOS EDD facility v0.16 2004-Jun-25, 0 devices found
[    4.316122] EDD information not available.
[    4.319195] Freeing unused kernel image memory: 2436K
[    4.376381] Write protecting the kernel read-only data: 20480k
[    4.406913] Freeing unused kernel image memory: 2008K
[    4.414846] Freeing unused kernel image memory: 1888K
[    4.474392] x86/mm: Checked W+X mappings: passed, no W+X pages found.
[    4.500281] x86/mm: Checking user space page tables
[    4.511535] x86/mm: Checked W+X mappings: passed, no W+X pages found.
Loading, please wait...
starting version 237
[    4.672581] Fusion MPT base driver 3.04.20
[    4.673941] Copyright (c) 1999-2008 LSI Corporation
[    4.675842] e1000: Intel(R) PRO/1000 Network Driver - version 7.3.21-k8-NAPI
[    4.677491] e1000: Copyright (c) 1999-2006 Intel Corporation.
[    4.689448] Fusion MPT SPI Host driver 3.04.20
[    4.693518] AVX2 version of gcm_enc/dec engaged.
[    4.694989] AES CTR mode by8 optimization enabled
[    4.889190] input: ImExPS/2 Generic Explorer Mouse as /devices/platform/i8042/serio1/input/input4
[    5.126567] e1000 0000:00:03.0 eth0: (PCI:33MHz:32-bit) 02:0c:ab:1a:41:62
[    5.271880] e1000 0000:00:03.0 eth0: Intel(R) PRO/1000 Network Connection
[    7.125849] e1000 0000:00:08.0 eth1: (PCI:33MHz:32-bit) 08:00:27:ed:16:fa
[    8.105247] e1000 0000:00:08.0 eth1: Intel(R) PRO/1000 Network Connection
[    9.056272] mptbase: ioc0: Initiating bringup
[    9.057054] e1000 0000:00:08.0 enp0s8: renamed from eth1
[    9.081357] e1000 0000:00:03.0 enp0s3: renamed from eth0
[    9.160964] ioc0: LSI53C1030 A0: Capabilities={Initiator}
[    9.419341] scsi host2: ioc0: LSI53C1030 A0, FwRev=00000000h, Ports=1, MaxQ=256, IRQ=20
[    9.625270] scsi 2:0:0:0: Direct-Access     VBOX     HARDDISK         1.0  PQ: 0 ANSI: 5
[    9.700738] scsi target2:0:0: Beginning Domain Validation
[    9.760358] scsi target2:0:0: Domain Validation skipping write tests
[    9.806481] scsi target2:0:0: Ending Domain Validation
[    9.814682] scsi target2:0:0: asynchronous
[    9.851012] scsi 2:0:1:0: Direct-Access     VBOX     HARDDISK         1.0  PQ: 0 ANSI: 5
[    9.916442] scsi target2:0:1: Beginning Domain Validation
[    9.958110] random: fast init done
[    9.963842] scsi target2:0:1: Domain Validation skipping write tests
[    9.981974] scsi target2:0:1: Ending Domain Validation
[   10.015100] scsi target2:0:1: asynchronous
[   10.039137] random: systemd-udevd: uninitialized urandom read (16 bytes read)
[   10.039194] sd 2:0:0:0: Attached scsi generic sg0 type 0
[   10.041089] random: systemd-udevd: uninitialized urandom read (16 bytes read)
[   10.049679] sd 2:0:1:0: Attached scsi generic sg1 type 0
[   10.053733] random: systemd-udevd: uninitialized urandom read (16 bytes read)
[   10.098129] sd 2:0:0:0: [sda] 20971520 512-byte logical blocks: (10.7 GB/10.0 GiB)
[   10.120283] sd 2:0:1:0: [sdb] 20480 512-byte logical blocks: (10.5 MB/10.0 MiB)
[   10.128494] sd 2:0:0:0: [sda] Write Protect is off
[   10.164509] sd 2:0:1:0: [sdb] Write Protect is off
[   10.164693] sd 2:0:0:0: [sda] Incomplete mode parameter data
[   10.167518] sd 2:0:0:0: [sda] Assuming drive cache: write through
[   11.311171] sd 2:0:1:0: [sdb] Incomplete mode parameter data
[   11.314342] sd 2:0:1:0: [sdb] Assuming drive cache: write through
[   11.315668]  sda: sda1
[   11.338664] sd 2:0:0:0: [sda] Attached SCSI disk
[   11.371061] sd 2:0:1:0: [sdb] Attached SCSI disk
Begin: Loading essential drivers ... [   12.856454] raid6: sse2x1   gen() 11926 MB/s
[   12.912338] raid6: sse2x1   xor()  6002 MB/s
[   12.960278] raid6: sse2x2   gen() 11716 MB/s
[   13.016416] raid6: sse2x2   xor()  9129 MB/s
[   13.096295] raid6: sse2x4   gen() 15597 MB/s
[   13.160136] raid6: sse2x4   xor()  9970 MB/s
[   13.224164] raid6: avx2x1   gen() 20033 MB/s
[   13.288484] raid6: avx2x1   xor() 15544 MB/s
[   13.344235] raid6: avx2x2   gen() 24306 MB/s
[   13.392158] raid6: avx2x2   xor() 16735 MB/s
[   13.448076] raid6: avx2x4   gen() 30176 MB/s
[   13.524378] raid6: avx2x4   xor() 17153 MB/s
[   13.541322] raid6: using algorithm avx2x4 gen() 30176 MB/s
[   13.547115] raid6: .... xor() 17153 MB/s, rmw enabled
[   13.548630] raid6: using avx2x2 recovery algorithm
[   13.569770] xor: automatically using best checksumming function   avx       
[   13.617784] async_tx: api initialized (async)
done.
Begin: Running /scripts/init-premount ... done.
Begin: Mounting root file system ... Begin: Running /scripts/local-top ... done.
Begin: Running /scripts/local-premount ... [   13.693895] Btrfs loaded, crc32c=crc32c-intel
Scanning for Btrfs filesystems
done.
Warning: fsck not present, so skipping root file system
[   13.819517] EXT4-fs (sda1): INFO: recovery required on readonly filesystem
[   14.100405] EXT4-fs (sda1): write access will be enabled during recovery
[   15.854323] EXT4-fs (sda1): orphan cleanup on readonly fs
[   15.861914] EXT4-fs (sda1): 3 orphan inodes deleted
[   15.883160] EXT4-fs (sda1): recovery complete
[   15.894005] EXT4-fs (sda1): mounted filesystem with ordered data mode. Opts: (null)
done.[   15.902354] random: crng init done
[   15.905564] random: 7 urandom warning(s) missed due to ratelimiting

Begin: Running /scripts/local-bottom ... done.
Begin: Running /scripts/init-bottom ... done.
[   16.584044] ip_tables: (C) 2000-2006 Netfilter Core Team
[   16.658272] systemd[1]: systemd 237 running in system mode. (+PAM +AUDIT +SELINUX +IMA +APPARMOR +SMACK +SYSVINIT +UTMP +LIBCRYPTSETUP +GCRYPT +GNUTLS +ACL +XZ +LZ4 +SECCOMP +BLKID +ELFUTILS +KMOD -IDN2 +IDN -PCRE2 default-hierarchy=hybrid)
[   16.701527] systemd[1]: Detected virtualization oracle.
[   16.739367] systemd[1]: Detected architecture x86-64.

Welcome to [1mUbuntu 18.04.1 LTS[0m!

[   16.790108] systemd[1]: Set hostname to <ubuntu-bionic>.
[   17.743265] systemd[1]: Created slice User and Session Slice.
[[0;32m  OK  [0m] Created slice User and Session Slice.
[   17.796225] systemd[1]: Reached target User and Group Name Lookups.
[[0;32m  OK  [0m] Reached target User and Group Name Lookups.
[   17.877293] systemd[1]: Created slice System Slice.
[[0;32m  OK  [0m] Created slice System Slice.
[   18.080576] systemd[1]: Listening on LVM2 metadata daemon socket.
[[0;32m  OK  [0m] Listening on LVM2 metadata daemon socket.
[   18.093154] systemd[1]: Listening on Device-mapper event daemon FIFOs.
[[0;32m  OK  [0m] Listening on Device-mapper event daemon FIFOs.
[   18.108639] systemd[1]: Listening on /dev/initctl Compatibility Named Pipe.
[[0;32m  OK  [0m] Listening on /dev/initctl Compatibility Named Pipe.
[[0;32m  OK  [0m] Listening on Journal Socket (/dev/log).
[[0;32m  OK  [0m] Listening on Network Service Netlink Socket.
[[0;32m  OK  [0m] Reached target Swap.
[[0;32m  OK  [0m] Listening on Journal Socket.
         Starting Create list of required st…ce nodes for the current kernel...
         Mounting Huge Pages File System...
         Starting Remount Root and Kernel File Systems...[   18.266799] EXT4-fs (sda1): re-mounted. Opts: (null)

         Starting Monitoring of LVM2 mirrors…ng dmeventd or progress polling...
         Mounting POSIX Message Queue File System...
[[0;32m  OK  [0m] Listening on Journal Audit Socket.
[[0;32m  OK  [0m] Created slice system-serial\x2dgetty.slice.
[[0;32m  OK  [0m] Started Forward Password Requests to Wall Directory Watch.
[[0;32m  OK  [0m] Reached target System Time Synchronized.
[[0;32m  OK  [0m] Reached target Slices.
[[0;32m  OK  [0m] Listening on LVM2 poll daemon socket.
[[0;32m  OK  [0m] Set up automount Arbitrary Executab…rmats File System Automount Point.
         Mounting Kernel Debug File System...
         Starting Set the console keyboard layout...
         Starting Load Kernel Modules...
         Starting Uncomplicated firewall...
[[0;32m  OK  [0m] Listening on Syslog Socket.
         Starting Journal Service...
[[0;32m  OK  [0m] Listening on udev Kernel Socket.
[[0;32m  OK  [0m] Listening on udev Control Socket.
         Starting udev Coldplug all Devices...
[   18.742176] Loading iSCSI transport class v2.0-870.
[[0;32m  OK  [0m] Started Create list of required sta…vice nodes for the current kernel.
[[0;32m  OK  [0m] Mounted Huge Pages File System.
[[0;32m  OK  [0m] Started Journal Service.
[[0;32m  OK  [0m] Started Remount Root and Kernel File Systems.
[[0;32m  OK  [0m] Mounted POSIX Message Queue File System.
[[0;32m  OK  [0m] Mounted Kernel Debug File System.
[[0;32m  OK  [0m] Started Uncom[   18.956241] iscsi: registered transport (tcp)
plicated firewall.
[[0;32m  OK  [0m] Started LVM2 metadata daemon.
         Starting Load/Save Random Seed...
         Starting Initial cloud-init job (pre-networking)...
         Starting Flush Journal to Persistent Storage...
         Starting Create Static Device Nodes in /dev...
[[0;32m  OK  [0m] Started udev Coldplug all Devices.
[[0;32m  OK  [0m] Started Load/Save Random Seed.
[   19.188155] iscsi: registered transport (iser)
[[0;32m  OK  [0m] Started Load Kernel Modules.
[[0;32m  OK  [0m] Started Monitoring of LVM2 mirrors,…sing dmeventd or progress polling.
         Mounting Kernel Configuration File System...
         Starting Apply Kernel Variables...
         Mounting FUSE Control File System...
[[0;32m  OK  [0m] Started Set the console keyboard layout.
[[0;32m  OK  [0m] Started Create Static Device Nodes in /dev.
[[0;32m  OK  [0m] Mounted Kernel Configuration File System.
[[0;32m  OK  [0m] Mounted FUSE Control File System.
[   19.290159] systemd-journald[413]: Received request to flush runtime journal from PID 1
         Starting udev Kernel Device Manager...
[[0;32m  OK  [0m] Reached target Local File Systems (Pre).
[[0;32m  OK  [0m] Reached target Local File Systems.
         Starting Tell Plymouth To Write Out Runtime Data...
         Starting ebtables ruleset management...
         Starting Set console font and keymap...
         Starting AppArmor initialization...
[[0;32m  OK  [0m] Started Apply Kernel Variables.
[[0;32m  OK  [0m] Started Tell Plymouth To Write Out Runtime Data.
[[0;32m  OK  [0m] Started Set console font and keymap.
[[0;32m  OK  [0m] Started udev Kernel Device Manager.
[[0;32m  OK  [0m] Started Dispatch Password Requests to Console Directory Watch.
[[0;32m  OK  [0m] Reached target Local Encrypted Volumes.
[[0;32m  OK  [0m] Started ebtables ruleset management.
[[0;32m  OK  [0m] Started Flush Journal to Persistent Storage.
         Starting Create Volatile Files and Directories...
[[0;32m  OK  [0m] Started Create Volatile Files and Directories.
         Starting Update UTMP about System Boot/Shutdown...
[[0;32m  OK  [0m] Started Update UTMP about System Boot/Shutdown.
[[0;32m  OK  [0m] Found device /dev/ttyS0.
[[0;32m  OK  [0m] Listening on Load/Save RF Kill Switch Status /dev/rfkill Watch.
[[0;32m  OK  [0m] Started AppArmor initialization.
[   21.535669] cloud-init[422]: Cloud-init v. 18.2 running 'init-local' at Sat, 12 Oct 2019 05:12:47 +0000. Up 21.35 seconds.
[[0;32m  OK  [0m] Started Initial cloud-init job (pre-networking).
[[0;32m  OK  [0m] Reached target Network (Pre).
         Starting Network Service...
[[0;32m  OK  [0m] Started Network Service.
         Starting Wait for Network to be Configured...
         Starting Network Name Resolution...
[[0;32m  OK  [0m] Started Network Name Resolution.
[[0;32m  OK  [0m] Reached target Host and Network Name Lookups.
[[0;32m  OK  [0m] Reached target Network.
[[0;32m  OK  [0m] Started Wait for Network to be Configured.
         Starting Initial cloud-init job (metadata service crawler)...
[   24.003162] cloud-init[658]: Cloud-init v. 18.2 running 'init' at Sat, 12 Oct 2019 05:12:50 +0000. Up 23.83 seconds.
[   24.020770] cloud-init[658]: ci-info: ++++++++++++++++++++++++++++++++++++++Net device info+++++++++++++++++++++++++++++++++++++++
[   24.033263] cloud-init[658]: ci-info: +--------+------+-----------------------------+---------------+--------+-------------------+
[   24.035855] cloud-init[658]: ci-info: | Device |  Up  |           Address           |      Mask     | Scope  |     Hw-Address    |
[   24.056124] cloud-init[658]: ci-info: +--------+------+-----------------------------+---------------+--------+-------------------+
[   24.060744] cloud-init[658]: ci-info: | enp0s3 | True |          10.0.2.15          | 255.255.255.0 | global | 02:0c:ab:1a:41:62 |
[   24.103551] cloud-init[658]: ci-info: | enp0s3 | True |  fe80::c:abff:fe1a:4162/64  |       .       |  link  | 02:0c:ab:1a:41:62 |
[   24.152371] cloud-init[658]: ci-info: | enp0s8 | True |        192.168.33.10        | 255.255.255.0 | global | 08:00:27:ed:16:fa |
[   24.213288] cloud-init[658]: ci-info: | enp0s8 | True | fe80::a00:27ff:feed:16fa/64 |       .       |  link  | 08:00:27:ed:16:fa |
[   24.256350] cloud-init[658]: ci-info: |   lo   | True |          127.0.0.1          |   255.0.0.0   |  host  |         .         |
[[0;32m  OK  [0m] Started Initial cloud-init job (metadata service crawler).
[   24.329598] [cloud-init[0;32m  OK  [0m[658]: ] ci-info: |   lo   | True |           ::1/128           |       .       |  host  |         .         |Reached target Network is Online.

         Starting iSCSI initiator daemon (iscsid)...
[[0;32m  OK  [0m] Reached target Cloud-config availability.
[[0;32m  OK  [0m] Reached target System Initialization.
[   24.422903] cloud-init[658]: ci-info: +--------+------+-----------------------------+---------------+--------+-------------------+
[   24.540037] cloud-init[658]: ci-info: +++++++++++++++++++++++++++++Route IPv4 info+++++++++++++++++++++++++++++
[[0;32m  OK  [0m] Started ACPI Events Check.
[[0;32m  OK  [0m] Listening on D-Bus System Message Bus Socket.
[   24.576281] [[0;32m  OK  [0m] Listening on UUID daemon activation socket.
[[0;32m  OK  [0m] Started Message of the Day.
[[0;32m  OK  [0m] Reached target Paths.
[[0;32m  OK  [0m] Started Daily apt download activities.
[[0;32m  OK  [0m] Started Daily apt upgrade and clean activities.
[[0;32m  OK  [0m] Listening on ACPID Listen Socket.
         Starting Socket activation for snappy daemon.
cloud-init[658]: ci-info: +-------+--------------+----------+-----------------+-----------+-------+
[[0;32m  OK  [0m] Started Daily Cleanup of Temporary Directories.
[   24.583212] [cloud-init[0;32m  OK  [0m] Started Discard unused blocks once a week.[658]: 
ci-info: | Route | Destination  | Gateway  |     Genmask     | Interface | Flags |
[   24.799554] cloud-init[[0;32m  OK  [0m] Reached target Timers.
[658]: ci-info: +-------+--------------+----------+-----------------+-----------+-------+
         Starting LXD - unix socket.
[   24.838588] cloud-init[658]: ci-info: |   0   |   0.0.0.0    | 10.0.2.2 |     0.0.0.0     |   enp0s3  |   UG  |
[[0;32m  OK  [0m] Listening on Socket activation for snappy daemon.
[   24.866684] [[0;32m  OK  [0m] Listening on LXD - unix socket.
[[0;32m  OK  [0m] Started iSCSI initiator daemon (iscsid).
cloud-init[658]: ci-info: |   1   |   10.0.2.0   | 0.0.0.0  |  255.255.255.0  |   enp0s3  |   U   |
         Starting Availability of block devices...
[   24.943935] [[0;32m  OK  [0m] Reached target Remote File Systems (Pre).
[[0;32m  OK  [0m] Reached target Remote File Systems.
[[0;32m  OK  [0m] Reached target Sockets.
[[0;32m  OK  [0m] Reached target Basic System.
         Starting Apply the settings specified in cloud-config...
cloud-init[658]: ci-info: |   2   |   10.0.2.2   | 0.0.0.0  | 255.255.255.255 |   enp0s3  |   UH  |
         Starting LSB: automatic crash report generation...
[   24.971348] cloud-init[658]: ci-info: |   3   | 192.168.33.0 | 0.0.0.0  |  255.255.255.0  |   enp0s8  |   U   |
[[0;32m  OK  [0m] Started Deferred execution scheduler.
[   25.002957] cloud-init[658]: ci-info: +-------+--------------+----------+-----------------+-----------+-------+
         Starting Login Service...
[   25.040418] cloud-init[658]: ci-info: +++++++++++++++++++Route IPv6 info+++++++++++++++++++
[[0;32m  OK  [0m] Started D-Bus System Message Bus.
[   25.063375] cloud-init[658]: ci-info: +-------+-------------+---------+-----------+-------+
[   25.081611] cloud-init[658]: ci-info: | Route | Destination | Gateway | Interface | Flags |
[   25.085167] cloud-init[658]: ci-info: +-------+-------------+---------+-----------+-------+
[   25.089467] cloud-init[658]: ci-info: |   1   |  fe80::/64  |    ::   |   enp0s8  |   U   |
[   25.110861] [[0;32m  OK  [0m] Started Regular background program processing daemon.
cloud-init[658]: ci-info: |   2   |  fe80::/64  |    ::   |   enp0s3  |   U   |
         Starting Permit User Sessions...
[   25.126864] cloud-init[658]: ci-info: |   4   |    local    |    ::   |   enp0s3  |   U   |
         Starting OpenBSD Secure Shell server...
[   25.135321] cloud-init         Starting LXD - container startup/shutdown...
[658]: ci-info: |   5   |    local    |    ::   |   enp0s8  |   U   |
[   25.140947] cloud-init[658]: ci-info: |   6   |   ff00::/8  |    ::   |   enp0s8  |   U   |
[   25.144275] cloud-init[658]: ci-info: |   7   |   ff00::/8  |    ::   |   enp0s3  |   U   |
[   25.152116] cloud-init[658]: ci-info: +-------+-------------+---------+-----------+-------+
[[0;32m  OK  [0m] Started irqbalance daemon.
         Starting Dispatcher daemon for systemd-networkd...
         Starting System Logging Service...
         Starting Accounts Service...
[[0;32m  OK  [0m] Started FUSE filesystem for LXC.
[[0;32m  OK  [0m] Started Unattended Upgrades Shutdown.
         Starting LSB: Record successful boot for GRUB...
         Starting vboxadd.service...
         Starting Snappy daemon...
[[0;32m  OK  [0m] Started System Logging Service.
[[0;32m  OK  [0m] Started Availability of block devices.
[[0;32m  OK  [0m] Started Permit User Sessions.
[[0;32m  OK  [0m] Started Login Service.
         Starting Hold until boot process finishes up...
         Starting Terminate Plymouth Boot Screen...
[[0;32m  OK  [0m] Started OpenBSD Secure Shell server.
[[0;32m  OK  [0m] Started Hold until boot process finishes up.
[[0;32m  OK  [0m] Started Terminate Plymouth Boot Screen.
[[0;32m  OK  [0m] Started Serial Getty on ttyS0.
         Starting Set console scheme...
[[0;32m  OK  [0m] Started LXD - container startup/shutdown.
[[0;32m  OK  [0m] Started LSB: automatic crash report generation.
[[0;32m  OK  [0m] Started LSB: Record successful boot for GRUB.
[[0;32m  OK  [0m] Started Set console scheme.
[[0;32m  OK  [0m] Created slice system-getty.slice.
[[0;32m  OK  [0m] Started Getty on tty1.
[[0;32m  OK  [0m] Reached target Login Prompts.
         Starting Authorization Manager...
[[0;32m  OK  [0m] Started Snappy daemon.
         Starting Wait until snapd is fully seeded...
[[0;32m  OK  [0m] Started Authorization Manager.
[[0;32m  OK  [0m] Started Accounts Service.
[[0;32m  OK  [0m] Started Dispatcher daemon for systemd-networkd.
[[0;32m  OK  [0m] Started Wait until snapd is fully seeded.
[[0;32m  OK  [0m] Started vboxadd.service.
         Starting vboxadd-service.service...
[   25.937741] cloud-init[777]: Cloud-init v. 18.2 running 'modules:config' at Sat, 12 Oct 2019 05:12:51 +0000. Up 25.67 seconds.
[[0;32m  OK  [0m] Started vboxadd-service.service.
[[0;32m  OK  [0m] Reached target Multi-User System.
[[0;32m  OK  [0m] Reached target Graphical Interface.
         Starting Update UTMP about System Runlevel Changes...
[[0;32m  OK  [0m] Started Apply the settings specified in cloud-config.
         Starting Execute cloud user/final scripts...
[[0;32m  OK  [0m] Started Update UTMP about System Runlevel Changes.
[   26.529235] cloud-init[1121]: Cloud-init v. 18.2 running 'modules:final' at Sat, 12 Oct 2019 05:12:52 +0000. Up 26.41 seconds.
[   26.541989] cloud-init[1121]: Cloud-init v. 18.2 finished at Sat, 12 Oct 2019 05:12:52 +0000. Datasource DataSourceNoCloud [seed=/dev/sdb][dsmode=net].  Up 26.52 seconds
[[0;32m  OK  [0m] Started Execute cloud user/final scripts.
[[0;32m  OK  [0m] Reached target Cloud-init target.

Ubuntu 18.04.1 LTS ubuntu-bionic ttyS0

ubuntu-bionic login: 